2025-09-19T14:40:40.950+05:30  INFO 31444 --- [sampleproject] [main] c.e.s.SampleprojectApplicationTests      : Starting SampleprojectApplicationTests using Java 21.0.6 with PID 31444 (started by Pallavi in E:\trainings\edforce\kantar\sampleproject\sampleproject)
2025-09-19T14:40:40.964+05:30  INFO 31444 --- [sampleproject] [main] c.e.s.SampleprojectApplicationTests      : No active profile set, falling back to 1 default profile: "default"
2025-09-19T14:40:46.064+05:30  INFO 31444 --- [sampleproject] [main] .s.d.r.c.RepositoryConfigurationDelegate : Bootstrapping Spring Data JPA repositories in DEFAULT mode.
2025-09-19T14:40:46.230+05:30  INFO 31444 --- [sampleproject] [main] .s.d.r.c.RepositoryConfigurationDelegate : Finished Spring Data repository scanning in 133 ms. Found 2 JPA repository interfaces.
2025-09-19T14:40:47.663+05:30  INFO 31444 --- [sampleproject] [main] o.hibernate.jpa.internal.util.LogHelper  : HHH000204: Processing PersistenceUnitInfo [name: default]
2025-09-19T14:40:47.908+05:30  INFO 31444 --- [sampleproject] [main] org.hibernate.Version                    : HHH000412: Hibernate ORM core version 6.6.26.Final
2025-09-19T14:40:48.007+05:30  INFO 31444 --- [sampleproject] [main] o.h.c.internal.RegionFactoryInitiator    : HHH000026: Second-level cache disabled
2025-09-19T14:40:49.160+05:30  INFO 31444 --- [sampleproject] [main] o.s.o.j.p.SpringPersistenceUnitInfo      : No LoadTimeWeaver setup: ignoring JPA class transformer
2025-09-19T14:40:49.211+05:30  INFO 31444 --- [sampleproject] [main] com.zaxxer.hikari.HikariDataSource       : HikariPool-1 - Starting...
2025-09-19T14:40:50.061+05:30  INFO 31444 --- [sampleproject] [main] com.zaxxer.hikari.pool.HikariPool        : HikariPool-1 - Added connection com.mysql.cj.jdbc.ConnectionImpl@7e8c58fd
2025-09-19T14:40:50.068+05:30  INFO 31444 --- [sampleproject] [main] com.zaxxer.hikari.HikariDataSource       : HikariPool-1 - Start completed.
2025-09-19T14:40:50.870+05:30  INFO 31444 --- [sampleproject] [main] org.hibernate.orm.connections.pooling    : HHH10001005: Database info:
	Database JDBC URL [Connecting through datasource 'HikariDataSource (HikariPool-1)']
	Database driver: undefined/unknown
	Database version: 8.0.41
	Autocommit mode: undefined/unknown
	Isolation level: undefined/unknown
	Minimum pool size: undefined/unknown
	Maximum pool size: undefined/unknown
2025-09-19T14:40:52.275+05:30  INFO 31444 --- [sampleproject] [main] o.h.e.t.j.p.i.JtaPlatformInitiator       : HHH000489: No JTA platform available (set 'hibernate.transaction.jta.platform' to enable JTA platform integration)
2025-09-19T14:40:52.395+05:30  INFO 31444 --- [sampleproject] [main] j.LocalContainerEntityManagerFactoryBean : Initialized JPA EntityManagerFactory for persistence unit 'default'
2025-09-19T14:40:53.604+05:30  INFO 31444 --- [sampleproject] [main] o.s.d.j.r.query.QueryEnhancerFactory     : Hibernate is in classpath; If applicable, HQL parser will be used.
2025-09-19T14:40:55.941+05:30  WARN 31444 --- [sampleproject] [main] JpaBaseConfiguration$JpaWebConfiguration : spring.jpa.open-in-view is enabled by default. Therefore, database queries may be performed during view rendering. Explicitly configure spring.jpa.open-in-view to disable this warning
2025-09-19T14:40:58.190+05:30  INFO 31444 --- [sampleproject] [main] o.s.b.a.e.web.EndpointLinksResolver      : Exposing 14 endpoints beneath base path '/monitor'
2025-09-19T14:40:58.446+05:30  INFO 31444 --- [sampleproject] [main] c.e.s.SampleprojectApplicationTests      : Started SampleprojectApplicationTests in 18.205 seconds (process running for 21.036)
2025-09-19T14:41:01.305+05:30  INFO 31444 --- [sampleproject] [SpringApplicationShutdownHook] j.LocalContainerEntityManagerFactoryBean : Closing JPA EntityManagerFactory for persistence unit 'default'
2025-09-19T14:41:01.322+05:30  INFO 31444 --- [sampleproject] [SpringApplicationShutdownHook] com.zaxxer.hikari.HikariDataSource       : HikariPool-1 - Shutdown initiated...
2025-09-19T14:41:01.366+05:30  INFO 31444 --- [sampleproject] [SpringApplicationShutdownHook] com.zaxxer.hikari.HikariDataSource       : HikariPool-1 - Shutdown completed.
2025-09-19T14:44:01.829+05:30  INFO 30420 --- [sampleproject] [main] c.e.s.SampleprojectApplicationTests      : Starting SampleprojectApplicationTests using Java 21.0.6 with PID 30420 (started by Pallavi in E:\trainings\edforce\kantar\sampleproject\sampleproject)
2025-09-19T14:44:01.833+05:30  INFO 30420 --- [sampleproject] [main] c.e.s.SampleprojectApplicationTests      : No active profile set, falling back to 1 default profile: "default"
2025-09-19T14:44:06.680+05:30  INFO 30420 --- [sampleproject] [main] .s.d.r.c.RepositoryConfigurationDelegate : Bootstrapping Spring Data JPA repositories in DEFAULT mode.
2025-09-19T14:44:06.953+05:30  INFO 30420 --- [sampleproject] [main] .s.d.r.c.RepositoryConfigurationDelegate : Finished Spring Data repository scanning in 238 ms. Found 2 JPA repository interfaces.
2025-09-19T14:44:08.637+05:30  INFO 30420 --- [sampleproject] [main] o.hibernate.jpa.internal.util.LogHelper  : HHH000204: Processing PersistenceUnitInfo [name: default]
2025-09-19T14:44:08.898+05:30  INFO 30420 --- [sampleproject] [main] org.hibernate.Version                    : HHH000412: Hibernate ORM core version 6.6.26.Final
2025-09-19T14:44:09.088+05:30  INFO 30420 --- [sampleproject] [main] o.h.c.internal.RegionFactoryInitiator    : HHH000026: Second-level cache disabled
2025-09-19T14:44:10.158+05:30  INFO 30420 --- [sampleproject] [main] o.s.o.j.p.SpringPersistenceUnitInfo      : No LoadTimeWeaver setup: ignoring JPA class transformer
2025-09-19T14:44:10.277+05:30  INFO 30420 --- [sampleproject] [main] com.zaxxer.hikari.HikariDataSource       : HikariPool-1 - Starting...
2025-09-19T14:44:11.657+05:30  INFO 30420 --- [sampleproject] [main] com.zaxxer.hikari.pool.HikariPool        : HikariPool-1 - Added connection com.mysql.cj.jdbc.ConnectionImpl@6f17dd06
2025-09-19T14:44:11.666+05:30  INFO 30420 --- [sampleproject] [main] com.zaxxer.hikari.HikariDataSource       : HikariPool-1 - Start completed.
2025-09-19T14:44:12.153+05:30  INFO 30420 --- [sampleproject] [main] org.hibernate.orm.connections.pooling    : HHH10001005: Database info:
	Database JDBC URL [Connecting through datasource 'HikariDataSource (HikariPool-1)']
	Database driver: undefined/unknown
	Database version: 8.0.41
	Autocommit mode: undefined/unknown
	Isolation level: undefined/unknown
	Minimum pool size: undefined/unknown
	Maximum pool size: undefined/unknown
2025-09-19T14:44:15.466+05:30  INFO 30420 --- [sampleproject] [main] o.h.e.t.j.p.i.JtaPlatformInitiator       : HHH000489: No JTA platform available (set 'hibernate.transaction.jta.platform' to enable JTA platform integration)
2025-09-19T14:44:15.652+05:30  INFO 30420 --- [sampleproject] [main] j.LocalContainerEntityManagerFactoryBean : Initialized JPA EntityManagerFactory for persistence unit 'default'
2025-09-19T14:44:16.987+05:30  INFO 30420 --- [sampleproject] [main] o.s.d.j.r.query.QueryEnhancerFactory     : Hibernate is in classpath; If applicable, HQL parser will be used.
2025-09-19T14:44:19.272+05:30  WARN 30420 --- [sampleproject] [main] JpaBaseConfiguration$JpaWebConfiguration : spring.jpa.open-in-view is enabled by default. Therefore, database queries may be performed during view rendering. Explicitly configure spring.jpa.open-in-view to disable this warning
2025-09-19T14:44:21.381+05:30  INFO 30420 --- [sampleproject] [main] o.s.b.a.e.web.EndpointLinksResolver      : Exposing 14 endpoints beneath base path '/monitor'
2025-09-19T14:44:21.614+05:30  INFO 30420 --- [sampleproject] [main] c.e.s.SampleprojectApplicationTests      : Started SampleprojectApplicationTests in 20.668 seconds (process running for 23.047)
2025-09-19T14:44:24.506+05:30  INFO 30420 --- [sampleproject] [SpringApplicationShutdownHook] j.LocalContainerEntityManagerFactoryBean : Closing JPA EntityManagerFactory for persistence unit 'default'
2025-09-19T14:44:24.520+05:30  INFO 30420 --- [sampleproject] [SpringApplicationShutdownHook] com.zaxxer.hikari.HikariDataSource       : HikariPool-1 - Shutdown initiated...
2025-09-19T14:44:24.580+05:30  INFO 30420 --- [sampleproject] [SpringApplicationShutdownHook] com.zaxxer.hikari.HikariDataSource       : HikariPool-1 - Shutdown completed.
2025-09-19T14:55:28.261+05:30  INFO 30360 --- [sampleproject] [main] c.e.s.SampleprojectApplicationTests      : Starting SampleprojectApplicationTests using Java 21.0.6 with PID 30360 (started by Pallavi in E:\trainings\edforce\kantar\sampleproject\sampleproject)
2025-09-19T14:55:28.264+05:30  INFO 30360 --- [sampleproject] [main] c.e.s.SampleprojectApplicationTests      : No active profile set, falling back to 1 default profile: "default"
2025-09-19T14:55:33.222+05:30  INFO 30360 --- [sampleproject] [main] .s.d.r.c.RepositoryConfigurationDelegate : Bootstrapping Spring Data JPA repositories in DEFAULT mode.
2025-09-19T14:55:33.433+05:30  INFO 30360 --- [sampleproject] [main] .s.d.r.c.RepositoryConfigurationDelegate : Finished Spring Data repository scanning in 158 ms. Found 2 JPA repository interfaces.
2025-09-19T14:55:34.772+05:30  INFO 30360 --- [sampleproject] [main] o.hibernate.jpa.internal.util.LogHelper  : HHH000204: Processing PersistenceUnitInfo [name: default]
2025-09-19T14:55:34.947+05:30  INFO 30360 --- [sampleproject] [main] org.hibernate.Version                    : HHH000412: Hibernate ORM core version 6.6.26.Final
2025-09-19T14:55:35.024+05:30  INFO 30360 --- [sampleproject] [main] o.h.c.internal.RegionFactoryInitiator    : HHH000026: Second-level cache disabled
2025-09-19T14:55:36.159+05:30  INFO 30360 --- [sampleproject] [main] o.s.o.j.p.SpringPersistenceUnitInfo      : No LoadTimeWeaver setup: ignoring JPA class transformer
2025-09-19T14:55:36.195+05:30  INFO 30360 --- [sampleproject] [main] com.zaxxer.hikari.HikariDataSource       : HikariPool-1 - Starting...
2025-09-19T14:55:37.164+05:30  INFO 30360 --- [sampleproject] [main] com.zaxxer.hikari.pool.HikariPool        : HikariPool-1 - Added connection com.mysql.cj.jdbc.ConnectionImpl@41f23499
2025-09-19T14:55:37.167+05:30  INFO 30360 --- [sampleproject] [main] com.zaxxer.hikari.HikariDataSource       : HikariPool-1 - Start completed.
2025-09-19T14:55:37.569+05:30  INFO 30360 --- [sampleproject] [main] org.hibernate.orm.connections.pooling    : HHH10001005: Database info:
	Database JDBC URL [Connecting through datasource 'HikariDataSource (HikariPool-1)']
	Database driver: undefined/unknown
	Database version: 8.0.41
	Autocommit mode: undefined/unknown
	Isolation level: undefined/unknown
	Minimum pool size: undefined/unknown
	Maximum pool size: undefined/unknown
2025-09-19T14:55:39.342+05:30  INFO 30360 --- [sampleproject] [main] o.h.e.t.j.p.i.JtaPlatformInitiator       : HHH000489: No JTA platform available (set 'hibernate.transaction.jta.platform' to enable JTA platform integration)
2025-09-19T14:55:39.445+05:30  INFO 30360 --- [sampleproject] [main] j.LocalContainerEntityManagerFactoryBean : Initialized JPA EntityManagerFactory for persistence unit 'default'
2025-09-19T14:55:40.382+05:30  INFO 30360 --- [sampleproject] [main] o.s.d.j.r.query.QueryEnhancerFactory     : Hibernate is in classpath; If applicable, HQL parser will be used.
2025-09-19T14:55:42.707+05:30  WARN 30360 --- [sampleproject] [main] JpaBaseConfiguration$JpaWebConfiguration : spring.jpa.open-in-view is enabled by default. Therefore, database queries may be performed during view rendering. Explicitly configure spring.jpa.open-in-view to disable this warning
2025-09-19T14:55:45.249+05:30  INFO 30360 --- [sampleproject] [main] o.s.b.a.e.web.EndpointLinksResolver      : Exposing 14 endpoints beneath base path '/monitor'
2025-09-19T14:55:45.479+05:30  INFO 30360 --- [sampleproject] [main] c.e.s.SampleprojectApplicationTests      : Started SampleprojectApplicationTests in 18.035 seconds (process running for 20.533)
2025-09-19T14:55:48.615+05:30  INFO 30360 --- [sampleproject] [SpringApplicationShutdownHook] j.LocalContainerEntityManagerFactoryBean : Closing JPA EntityManagerFactory for persistence unit 'default'
2025-09-19T14:55:48.635+05:30  INFO 30360 --- [sampleproject] [SpringApplicationShutdownHook] com.zaxxer.hikari.HikariDataSource       : HikariPool-1 - Shutdown initiated...
2025-09-19T14:55:48.674+05:30  INFO 30360 --- [sampleproject] [SpringApplicationShutdownHook] com.zaxxer.hikari.HikariDataSource       : HikariPool-1 - Shutdown completed.
2025-09-19T14:58:27.274+05:30  INFO 16800 --- [sampleproject] [main] c.e.s.SampleprojectApplicationTests      : Starting SampleprojectApplicationTests using Java 21.0.6 with PID 16800 (started by Pallavi in E:\trainings\edforce\kantar\sampleproject\sampleproject)
2025-09-19T14:58:27.276+05:30  INFO 16800 --- [sampleproject] [main] c.e.s.SampleprojectApplicationTests      : No active profile set, falling back to 1 default profile: "default"
2025-09-19T14:58:33.383+05:30  INFO 16800 --- [sampleproject] [main] .s.d.r.c.RepositoryConfigurationDelegate : Bootstrapping Spring Data JPA repositories in DEFAULT mode.
2025-09-19T14:58:33.733+05:30  INFO 16800 --- [sampleproject] [main] .s.d.r.c.RepositoryConfigurationDelegate : Finished Spring Data repository scanning in 263 ms. Found 2 JPA repository interfaces.
2025-09-19T14:58:35.290+05:30  INFO 16800 --- [sampleproject] [main] o.hibernate.jpa.internal.util.LogHelper  : HHH000204: Processing PersistenceUnitInfo [name: default]
2025-09-19T14:58:35.542+05:30  INFO 16800 --- [sampleproject] [main] org.hibernate.Version                    : HHH000412: Hibernate ORM core version 6.6.26.Final
2025-09-19T14:58:35.712+05:30  INFO 16800 --- [sampleproject] [main] o.h.c.internal.RegionFactoryInitiator    : HHH000026: Second-level cache disabled
2025-09-19T14:58:36.800+05:30  INFO 16800 --- [sampleproject] [main] o.s.o.j.p.SpringPersistenceUnitInfo      : No LoadTimeWeaver setup: ignoring JPA class transformer
2025-09-19T14:58:36.852+05:30  INFO 16800 --- [sampleproject] [main] com.zaxxer.hikari.HikariDataSource       : HikariPool-1 - Starting...
2025-09-19T14:58:37.937+05:30  INFO 16800 --- [sampleproject] [main] com.zaxxer.hikari.pool.HikariPool        : HikariPool-1 - Added connection com.mysql.cj.jdbc.ConnectionImpl@3f6906f4
2025-09-19T14:58:37.941+05:30  INFO 16800 --- [sampleproject] [main] com.zaxxer.hikari.HikariDataSource       : HikariPool-1 - Start completed.
2025-09-19T14:58:38.396+05:30  INFO 16800 --- [sampleproject] [main] org.hibernate.orm.connections.pooling    : HHH10001005: Database info:
	Database JDBC URL [Connecting through datasource 'HikariDataSource (HikariPool-1)']
	Database driver: undefined/unknown
	Database version: 8.0.41
	Autocommit mode: undefined/unknown
	Isolation level: undefined/unknown
	Minimum pool size: undefined/unknown
	Maximum pool size: undefined/unknown
2025-09-19T14:58:39.999+05:30  INFO 16800 --- [sampleproject] [main] o.h.e.t.j.p.i.JtaPlatformInitiator       : HHH000489: No JTA platform available (set 'hibernate.transaction.jta.platform' to enable JTA platform integration)
2025-09-19T14:58:40.093+05:30  INFO 16800 --- [sampleproject] [main] j.LocalContainerEntityManagerFactoryBean : Initialized JPA EntityManagerFactory for persistence unit 'default'
2025-09-19T14:58:41.821+05:30  INFO 16800 --- [sampleproject] [main] o.s.d.j.r.query.QueryEnhancerFactory     : Hibernate is in classpath; If applicable, HQL parser will be used.
2025-09-19T14:58:44.641+05:30  WARN 16800 --- [sampleproject] [main] JpaBaseConfiguration$JpaWebConfiguration : spring.jpa.open-in-view is enabled by default. Therefore, database queries may be performed during view rendering. Explicitly configure spring.jpa.open-in-view to disable this warning
2025-09-19T14:58:47.836+05:30  INFO 16800 --- [sampleproject] [main] o.s.b.a.e.web.EndpointLinksResolver      : Exposing 14 endpoints beneath base path '/monitor'
2025-09-19T14:58:48.201+05:30  INFO 16800 --- [sampleproject] [main] c.e.s.SampleprojectApplicationTests      : Started SampleprojectApplicationTests in 21.631 seconds (process running for 23.896)
2025-09-19T14:58:50.995+05:30  INFO 16800 --- [sampleproject] [SpringApplicationShutdownHook] j.LocalContainerEntityManagerFactoryBean : Closing JPA EntityManagerFactory for persistence unit 'default'
2025-09-19T14:58:51.015+05:30  INFO 16800 --- [sampleproject] [SpringApplicationShutdownHook] com.zaxxer.hikari.HikariDataSource       : HikariPool-1 - Shutdown initiated...
2025-09-19T14:58:51.069+05:30  INFO 16800 --- [sampleproject] [SpringApplicationShutdownHook] com.zaxxer.hikari.HikariDataSource       : HikariPool-1 - Shutdown completed.
